<?xml version="1.0" encoding="UTF-8"?>
<!-- Generated by org.testng.reporters.JUnitReportReporter -->
<testsuite hostname="Hi" failures="0" tests="4" name="automate.Main" time="35.816" errors="0" timestamp="2022-09-30T16:55:27 IST" skipped="0">
  <testcase classname="automate.Main" name="Registration" time="10.384"/>
  <system-out/>
  <testcase classname="automate.Main" name="Login" time="6.707"/>
  <system-out/>
  <testcase classname="automate.Main" name="search" time="11.138"/>
  <system-out/>
  <testcase classname="automate.Main" name="cart" time="7.587"/>
  <system-out/>
</testsuite> <!-- automate.Main -->
