<?xml version="1.0" encoding="UTF-8"?>
<!-- Generated by org.testng.reporters.JUnitReportReporter -->
<testsuite hostname="Hi" failures="0" tests="6" name="Automate" time="131.721" errors="0" timestamp="2022-10-12T09:45:52 IST" skipped="0">
  <testcase classname="Automate" name="getLoadingTIme" time="66.203"/>
  <system-out/>
  <testcase classname="Automate" name="getLoadingTIme" time="44.085"/>
  <system-out/>
  <testcase classname="Automate" name="checkImages" time="3.367"/>
  <system-out/>
  <testcase classname="Automate" name="checkImages" time="3.660"/>
  <system-out/>
  <testcase classname="Automate" name="scrollPage" time="7.596"/>
  <system-out/>
  <testcase classname="Automate" name="scrollPage" time="6.810"/>
  <system-out/>
</testsuite> <!-- Automate -->
